<?xml version="1.0" encoding="UTF-8"?>
<!-- Generated by org.testng.reporters.JUnitReportReporter -->
<testsuite hostname="Jashwin-PC" failures="0" tests="1" name="amazonTest.TestCase2_AmazonhomevalidLogin2" time="8.664" errors="0" timestamp="2025-06-24T15:49:12 EDT" skipped="0">
  <testcase classname="amazonTest.TestCase2_AmazonhomevalidLogin2" name="withvalidvredentails" time="8.664"/>
  <system-out>
    <![CDATA[Chrome browser launching]]>
  </system-out>
</testsuite> <!-- amazonTest.TestCase2_AmazonhomevalidLogin2 -->
