<?xml version="1.0" encoding="UTF-8"?>
<!-- Generated by org.testng.reporters.JUnitReportReporter -->
<testsuite hostname="Jashwin-PC" failures="0" tests="1" name="amazonTest.TestCase7_ProductDetails" time="9.689" errors="0" timestamp="2025-06-18T19:21:49 EDT" skipped="0">
  <testcase classname="amazonTest.TestCase7_ProductDetails" name="withvalidvredentails" time="9.689"/>
  <system-out>
    <![CDATA[Chrome browser launching
Chrome browser launching
Chrome browser launching
Invalid password
Chrome browser launching
Profile Name edited
Chrome browser launching
Brand verified
Chrome browser launching
Chrome browser launching
Chrome browser launching
Chrome browser launching
Chrome browser launching
Order review reached successfully
Address verified
Chrome browser launching
Order review reached successfully
Chrome browser launching
Chrome browser launching]]>
  </system-out>
</testsuite> <!-- amazonTest.TestCase7_ProductDetails -->
