<?xml version="1.0" encoding="UTF-8"?>
<!-- Generated by org.testng.reporters.JUnitReportReporter -->
<testsuite hostname="Jashwin-PC" failures="0" tests="1" name="amazonTest.TestCase8_ProductSort" time="17.894" errors="0" timestamp="2025-06-18T20:43:27 EDT" skipped="0">
  <testcase classname="amazonTest.TestCase8_ProductSort" name="withvalidvredentails" time="17.894"/>
  <system-out>
    <![CDATA[Chrome browser launching]]>
  </system-out>
</testsuite> <!-- amazonTest.TestCase8_ProductSort -->
