<?xml version="1.0" encoding="UTF-8"?>
<!-- Generated by org.testng.reporters.JUnitReportReporter -->
<testsuite hostname="Jashwin-PC" failures="0" tests="1" name="amazonTest.TestCase7_AddToCart" time="19.114" errors="0" timestamp="2025-06-11T00:34:37 EDT" skipped="0">
  <testcase classname="amazonTest.TestCase7_AddToCart" name="withvalidvredentails" time="19.114"/>
</testsuite> <!-- amazonTest.TestCase7_AddToCart -->
