<?xml version="1.0" encoding="UTF-8"?>
<!-- Generated by org.testng.reporters.JUnitReportReporter -->
<testsuite hostname="Jashwin-PC" failures="0" tests="1" name="amazonTest.TestCase3_InvalidLogin" time="14.076" errors="0" timestamp="2025-06-19T10:56:15 EDT" skipped="0">
  <testcase classname="amazonTest.TestCase3_InvalidLogin" name="withInvalidcredentails" time="14.076">
    <system-out>
      <![CDATA[Invalid password]]>
    </system-out>
  </testcase> <!-- withInvalidcredentails -->
  <system-out>
    <![CDATA[Chrome browser launching
Invalid password]]>
  </system-out>
</testsuite> <!-- amazonTest.TestCase3_InvalidLogin -->
