<?xml version="1.0" encoding="UTF-8"?>
<!-- Generated by org.testng.reporters.JUnitReportReporter -->
<testsuite hostname="Jashwin-PC" failures="0" tests="2" name="amazonTest.TestCase4_SearchFilters" time="40.201" errors="0" timestamp="2025-06-11T11:47:59 EDT" skipped="1">
  <testcase classname="amazonTest.TestCase4_SearchFilters" name="withvalidvredentails" time="23.883"/>
  <testcase classname="amazonTest.TestCase4_SearchFilters" name="withvalidvredentails" time="16.318">
    <skipped/>
  </testcase> <!-- withvalidvredentails -->
</testsuite> <!-- amazonTest.TestCase4_SearchFilters -->
