<?xml version="1.0" encoding="UTF-8"?>
<!-- Generated by org.testng.reporters.JUnitReportReporter -->
<testsuite hostname="Jashwin-PC" failures="0" tests="1" name="amazonTest.TestCase2_ValidLogin" time="20.072" errors="0" timestamp="2025-06-18T21:53:51 EDT" skipped="0">
  <testcase classname="amazonTest.TestCase2_ValidLogin" name="withvalidvredentails" time="20.072"/>
  <system-out>
    <![CDATA[Chrome browser launching
Chrome browser launching
Chrome browser launching
Chrome browser launching
Chrome browser launching
Chrome browser launching
Chrome browser launching]]>
  </system-out>
</testsuite> <!-- amazonTest.TestCase2_ValidLogin -->
