<?xml version="1.0" encoding="UTF-8"?>
<!-- Generated by org.testng.reporters.JUnitReportReporter -->
<testsuite hostname="Jashwin-PC" failures="0" tests="2" name="amazonTest.TestCase11_ValidateCheckoutPage" time="53.486" errors="0" timestamp="2025-06-19T16:26:42 EDT" skipped="1">
  <testcase classname="amazonTest.TestCase11_ValidateCheckoutPage" name="withvalidvredentails" time="41.414">
    <system-out>
      <![CDATA[Payment verified
Address verified
OrderReview verified]]>
    </system-out>
  </testcase> <!-- withvalidvredentails -->
  <testcase classname="amazonTest.TestCase11_ValidateCheckoutPage" name="withvalidvredentails" time="12.072">
    <skipped/>
  </testcase> <!-- withvalidvredentails -->
  <system-out>
    <![CDATA[Chrome browser launching
Chrome browser launching
Payment verified
Address verified
OrderReview verified]]>
  </system-out>
</testsuite> <!-- amazonTest.TestCase11_ValidateCheckoutPage -->
