<?xml version="1.0" encoding="UTF-8"?>
<!-- Generated by org.testng.reporters.JUnitReportReporter -->
<testsuite hostname="Jashwin-PC" failures="0" tests="3" name="amazonTest.TestCase8_CartPage" time="85.930" errors="0" timestamp="2025-06-12T22:53:37 EDT" skipped="2">
  <testcase classname="amazonTest.TestCase8_CartPage" name="withvalidvredentails" time="18.086">
    <skipped/>
  </testcase> <!-- withvalidvredentails -->
  <testcase classname="amazonTest.TestCase8_CartPage" name="withvalidvredentails" time="30.510">
    <skipped/>
  </testcase> <!-- withvalidvredentails -->
  <testcase classname="amazonTest.TestCase8_CartPage" name="withvalidvredentails" time="37.334"/>
  <system-out>
    <![CDATA[Chrome browser launching
Chrome browser launching
Chrome browser launching]]>
  </system-out>
</testsuite> <!-- amazonTest.TestCase8_CartPage -->
