<?xml version="1.0" encoding="UTF-8"?>
<!-- Generated by org.testng.reporters.JUnitReportReporter -->
<testsuite hostname="Jashwin-PC" failures="0" tests="1" name="amazonTest.TestCase5_ProductDetails" time="10.099" errors="0" timestamp="2025-06-18T00:45:48 EDT" skipped="0">
  <testcase classname="amazonTest.TestCase5_ProductDetails" name="withvalidvredentails" time="10.099"/>
  <system-out>
    <![CDATA[Chrome browser launching]]>
  </system-out>
</testsuite> <!-- amazonTest.TestCase5_ProductDetails -->
