<?xml version="1.0" encoding="UTF-8"?>
<!-- Generated by org.testng.reporters.JUnitReportReporter -->
<testsuite hostname="Jashwin-PC" failures="0" tests="1" name="amazonTest.TestCase6_ProductSort" time="11.345" errors="0" timestamp="2025-06-11T00:19:43 EDT" skipped="0">
  <testcase classname="amazonTest.TestCase6_ProductSort" name="withvalidvredentails" time="11.345"/>
</testsuite> <!-- amazonTest.TestCase6_ProductSort -->
