<?xml version="1.0" encoding="UTF-8"?>
<!-- Generated by org.testng.reporters.JUnitReportReporter -->
<testsuite hostname="Jashwin-PC" failures="0" tests="1" name="amazonTest.TestCase9_CheckoutPage" time="42.325" errors="0" timestamp="2025-06-11T22:46:20 EDT" skipped="0">
  <testcase classname="amazonTest.TestCase9_CheckoutPage" name="withvalidvredentails" time="42.325">
    <system-out>
      <![CDATA[Order review reached successfully]]>
    </system-out>
  </testcase> <!-- withvalidvredentails -->
  <system-out>
    <![CDATA[Order review reached successfully]]>
  </system-out>
</testsuite> <!-- amazonTest.TestCase9_CheckoutPage -->
