<?xml version="1.0" encoding="UTF-8"?>
<!-- Generated by org.testng.reporters.JUnitReportReporter -->
<testsuite hostname="Jashwin-PC" failures="0" tests="1" name="amazonTest.TestCase2_Loginfails" time="13.886" errors="0" timestamp="2025-06-12T00:16:12 EDT" skipped="0">
  <testcase classname="amazonTest.TestCase2_Loginfails" name="withvalidvredentails" time="13.886">
    <system-out>
      <![CDATA[Invalid password]]>
    </system-out>
  </testcase> <!-- withvalidvredentails -->
  <system-out>
    <![CDATA[Chrome browser launching
Invalid password]]>
  </system-out>
</testsuite> <!-- amazonTest.TestCase2_Loginfails -->
