<?xml version="1.0" encoding="UTF-8"?>
<!-- Generated by org.testng.reporters.JUnitReportReporter -->
<testsuite hostname="Jashwin-PC" failures="0" tests="1" name="amazonTest.TestCase1_LoginToAmazonLogout" time="14.982" errors="0" timestamp="2025-06-19T16:36:06 EDT" skipped="0">
  <testcase classname="amazonTest.TestCase1_LoginToAmazonLogout" name="withvalidvredentails" time="14.982"/>
</testsuite> <!-- amazonTest.TestCase1_LoginToAmazonLogout -->
