<?xml version="1.0" encoding="UTF-8"?>
<!-- Generated by org.testng.reporters.JUnitReportReporter -->
<testsuite hostname="Jashwin-PC" failures="0" tests="1" name="amazonTest.TestCase3_ProfileEdit2" time="28.469" errors="0" timestamp="2025-06-10T21:53:35 EDT" skipped="0">
  <testcase classname="amazonTest.TestCase3_ProfileEdit2" name="withvalidvredentails" time="28.469"/>
</testsuite> <!-- amazonTest.TestCase3_ProfileEdit2 -->
