<?xml version="1.0" encoding="UTF-8"?>
<!-- Generated by org.testng.reporters.JUnitReportReporter -->
<testsuite hostname="Jashwin-PC" failures="0" tests="1" name="amazonTest.TestCase5_ProductSort" time="16.714" errors="0" timestamp="2025-06-08T21:57:49 EDT" skipped="0">
  <testcase classname="amazonTest.TestCase5_ProductSort" name="withvalidvredentails" time="16.714"/>
</testsuite> <!-- amazonTest.TestCase5_ProductSort -->
