<?xml version="1.0" encoding="UTF-8"?>
<!-- Generated by org.testng.reporters.JUnitReportReporter -->
<testsuite hostname="Jashwin-PC" failures="0" tests="1" name="amazonTest.TestCase6_SearchFilters" time="7.861" errors="0" timestamp="2025-06-19T16:36:26 EDT" skipped="0">
  <testcase classname="amazonTest.TestCase6_SearchFilters" name="withvalidvredentails" time="7.861">
    <system-out>
      <![CDATA[Brand verified]]>
    </system-out>
  </testcase> <!-- withvalidvredentails -->
  <system-out>
    <![CDATA[Brand verified]]>
  </system-out>
</testsuite> <!-- amazonTest.TestCase6_SearchFilters -->
