<?xml version="1.0" encoding="UTF-8"?>
<!-- Generated by org.testng.reporters.JUnitReportReporter -->
<testsuite hostname="Jashwin-PC" failures="0" tests="1" name="amazonTest.TestCase1_LoginToAmazonLogout" time="21.992" errors="0" timestamp="2025-06-26T23:26:49 EDT" skipped="0">
  <testcase classname="amazonTest.TestCase1_LoginToAmazonLogout" name="withvalidvredentails" time="21.992">
    <system-out>
      <![CDATA[Greeting message displayed
Listener:Test is Pass]]>
    </system-out>
  </testcase> <!-- withvalidvredentails -->
  <system-out>
    <![CDATA[Chrome browser launching
Sorted by Price: Low to High
Sorted by Price: Low to High
Sorted by Customer Review
Listener:Test is Pass
Chrome browser launching
Greeting message displayed
Listener:Test is Pass
Chrome browser launching
Greeting message displayed
Profile Name edited
Listener:Test is Pass
Chrome browser launching
Greeting message displayed
Listener:Test is Pass
Chrome browser launching
Invalid password
Listener:Test is Pass
Chrome browser launching
Brand verified
Listener:Test is Pass
Chrome browser launching
clicked on the first Product
switched to child window
Product added to cart
Listener:Test is Pass
Chrome browser launching
Greeting message displayed
clicked on the first Product
switched to child window
Product added to cart
Listener:Test is Pass
Chrome browser launching
Greeting message displayed
clicked on the first Product
switched to child window
Product added to cart
Product deleted
Listener:Test is Pass
Chrome browser launching
Greeting message displayed
5 star rating given
writen review for product
Listener:Test is Pass
Chrome browser launching
Greeting message displayed
Selected credit_debitCard
Error 1: Card number is not correct.
Error 2: Expiration date is not correct.
Listener:Test is Pass
Chrome browser launching
clicked on the first Product
productdescription verified
Listener:Test is Pass
Chrome browser launching
Greeting message displayed
clicked on the first Product
switched to child window
Product added to cart
Payment verified
Address verified
OrderReview verified
Listener:Test is Pass
Chrome browser launching
Greeting message displayed
Listener:Test is Pass
Chrome browser launching
Greeting message displayed
selected each payment 
Listener:Test is Pass]]>
  </system-out>
</testsuite> <!-- amazonTest.TestCase1_LoginToAmazonLogout -->
