<?xml version="1.0" encoding="UTF-8"?>
<!-- Generated by org.testng.reporters.JUnitReportReporter -->
<testsuite hostname="Jashwin-PC" failures="0" tests="2" name="amazonTest.TestCase14_YourOrders" time="35.989" errors="0" timestamp="2025-06-19T13:06:49 EDT" skipped="1">
  <testcase classname="amazonTest.TestCase14_YourOrders" name="withvalidvredentails" time="15.532">
    <skipped/>
  </testcase> <!-- withvalidvredentails -->
  <testcase classname="amazonTest.TestCase14_YourOrders" name="withvalidvredentails" time="20.457"/>
  <system-out>
    <![CDATA[Chrome browser launching
Chrome browser launching
Chrome browser launching
Invalid password
Chrome browser launching
Chrome browser launching
Profile Name edited
Chrome browser launching
Brand verified
Chrome browser launching
Chrome browser launching
Chrome browser launching
Chrome browser launching
Chrome browser launching
Chrome browser launching
Chrome browser launching
Chrome browser launching
Chrome browser launching
Chrome browser launching
Payment verified
Address verified
OrderReview verified
Chrome browser launching
Payment verified
Chrome browser launching
Chrome browser launching
Chrome browser launching]]>
  </system-out>
</testsuite> <!-- amazonTest.TestCase14_YourOrders -->
